[35m[Appium][39m Welcome to Appium v1.22.3
[35m[Appium][39m Non-default server args:
[35m[Appium][39m   port: 62411
[35m[Appium][39m   loglevel: info
[35m[Appium][39m   tmpDir: C:\Users\NeMs\AppData\Local\Temp\\Katalon\Appium\Temp1702672336462
[35m[Appium][39m Appium REST http interface listener started on 0.0.0.0:62411
[35m[HTTP][39m [37m-->[39m [37mGET[39m [37m/wd/hub/status[39m
[35m[HTTP][39m [90m{}[39m
[35m[HTTP][39m [37m<-- GET /wd/hub/status [39m[32m200[39m [90m13 ms - 68[39m
[35m[HTTP][39m [90m[39m
[35m[HTTP][39m [37m-->[39m [37mGET[39m [37m/wd/hub/status[39m
[35m[HTTP][39m [90m{}[39m
[35m[HTTP][39m [37m<-- GET /wd/hub/status [39m[32m200[39m [90m2 ms - 68[39m
[35m[HTTP][39m [90m[39m
[35m[HTTP][39m [37m-->[39m [37mPOST[39m [37m/wd/hub/session[39m
[35m[HTTP][39m [90m{"desiredCapabilities":{"appActivity":".Settings","appPackage":"com.android.settings","newCommandTimeout":1800,"platformVersion":"13","automationName":"uiautomator2","autoGrantPermissions":true,"platformName":"Android","udid":"EMOZPNJJGYAE9XJB","deviceName":"realme RMX3741 (Android 13)","systemPort":8284},"capabilities":{"firstMatch":[{"appium:appActivity":".Settings","appium:appPackage":"com.android.settings","appium:autoGrantPermissions":true,"appium:automationName":"uiautomator2","appium:deviceName":"realme RMX3741 (Android 13)","appium:newCommandTimeout":1800,"platformName":"android","appium:platformVersion":"13","appium:systemPort":8284,"appium:udid":"EMOZPNJJGYAE9XJB"}]}}[39m
[35m[Appium][39m Appium v1.22.3 creating new AndroidUiautomator2Driver (v1.70.1) session
[35m[BaseDriver][39m Session created with session id: 1c7b7c56-64bb-4246-9898-a8ed89b244f8
[35m[UiAutomator2][39m Starting 'com.android.settings' directly on the device
[35m[ADB][39m Found 1 'build-tools' folders under 'C:\Users\NeMs\.katalon\tools\android_sdk' (newest first):
[35m[ADB][39m     C:/Users/NeMs/.katalon/tools/android_sdk/build-tools/29.0.3
[35m[ADB][39m Using 'adb.exe' from 'C:\Users\NeMs\.katalon\tools\android_sdk\platform-tools\adb.exe'
[35m[AndroidDriver][39m Retrieving device list
[35m[AndroidDriver][39m Using device: EMOZPNJJGYAE9XJB
[35m[ADB][39m Using 'adb.exe' from 'C:\Users\NeMs\.katalon\tools\android_sdk\platform-tools\adb.exe'
[35m[ADB][39m Getting device platform version
[35m[UiAutomator2][39m Relaxing hidden api policy
[35m[AndroidDriver][39m No app sent in, not parsing package/activity
[35m[ADB][39m Using 'apksigner.jar' from 'C:\Users\NeMs\.katalon\tools\android_sdk\build-tools\29.0.3\lib\apksigner.jar'
[35m[ADB][39m 'C:\Users\NeMs\AppData\Roaming\npm\node_modules\appium\node_modules\appium-uiautomator2-server\apks\appium-uiautomator2-server-v4.27.0.apk' is signed with the default certificate
[35m[ADB][39m 'C:\Users\NeMs\AppData\Roaming\npm\node_modules\appium\node_modules\appium-uiautomator2-server\apks\appium-uiautomator2-server-debug-androidTest.apk' is signed with the default certificate
[35m[UiAutomator2][39m Server packages are not going to be (re)installed
[35m[ADB][39m Adding packages ["io.appium.settings","io.appium.uiautomator2.server","io.appium.uiautomator2.server.test"] to Doze whitelist
[35m[UiAutomator2][39m Starting UIAutomator2 server 4.27.0
[35m[UiAutomator2][39m Using UIAutomator2 server from 'C:\Users\NeMs\AppData\Roaming\npm\node_modules\appium\node_modules\appium-uiautomator2-server\apks\appium-uiautomator2-server-v4.27.0.apk' and test from 'C:\Users\NeMs\AppData\Roaming\npm\node_modules\appium\node_modules\appium-uiautomator2-server\apks\appium-uiautomator2-server-debug-androidTest.apk'
[35m[UiAutomator2][39m Waiting up to 30000ms for UiAutomator2 to be online...
[35m[WD Proxy][39m socket hang up
[35m[WD Proxy][39m socket hang up
[35m[WD Proxy][39m Determined the downstream protocol as 'W3C'
[35m[AndroidDriver][39m Screen already unlocked, doing nothing
[35m[UiAutomator2][39m Starting 'com.android.settings/.Settings and waiting for 'com.android.settings/.Settings'
[35m[Appium][39m New AndroidUiautomator2Driver session created successfully, session 1c7b7c56-64bb-4246-9898-a8ed89b244f8 added to master session list
[35m[HTTP][39m [37m<-- POST /wd/hub/session [39m[32m200[39m [90m10451 ms - 1097[39m
[35m[HTTP][39m [90m[39m
[35m[HTTP][39m [37m-->[39m [37mGET[39m [37m/wd/hub/session/1c7b7c56-64bb-4246-9898-a8ed89b244f8[39m
[35m[HTTP][39m [90m{}[39m
[35m[HTTP][39m [37m<-- GET /wd/hub/session/1c7b7c56-64bb-4246-9898-a8ed89b244f8 [39m[32m200[39m [90m30 ms - 1051[39m
[35m[HTTP][39m [90m[39m
[35m[HTTP][39m [37m-->[39m [37mGET[39m [37m/wd/hub/session/1c7b7c56-64bb-4246-9898-a8ed89b244f8[39m
[35m[HTTP][39m [90m{}[39m
[35m[HTTP][39m [37m<-- GET /wd/hub/session/1c7b7c56-64bb-4246-9898-a8ed89b244f8 [39m[32m200[39m [90m23 ms - 1051[39m
[35m[HTTP][39m [90m[39m
[35m[HTTP][39m [37m-->[39m [37mGET[39m [37m/wd/hub/status[39m
[35m[HTTP][39m [90m{}[39m
[35m[HTTP][39m [37m<-- GET /wd/hub/status [39m[32m200[39m [90m2 ms - 68[39m
[35m[HTTP][39m [90m[39m
[35m[HTTP][39m [37m-->[39m [37mPOST[39m [37m/wd/hub/session/1c7b7c56-64bb-4246-9898-a8ed89b244f8/timeouts[39m
[35m[HTTP][39m [90m{"implicit":60000}[39m
[35m[HTTP][39m [37m<-- POST /wd/hub/session/1c7b7c56-64bb-4246-9898-a8ed89b244f8/timeouts [39m[32m200[39m [90m6 ms - 14[39m
[35m[HTTP][39m [90m[39m
[35m[HTTP][39m [37m-->[39m [37mGET[39m [37m/wd/hub/session/1c7b7c56-64bb-4246-9898-a8ed89b244f8/appium/device/system_bars[39m
[35m[HTTP][39m [90m{}[39m
[35m[HTTP][39m [37m<-- GET /wd/hub/session/1c7b7c56-64bb-4246-9898-a8ed89b244f8/appium/device/system_bars [39m[32m200[39m [90m152 ms - 145[39m
[35m[HTTP][39m [90m[39m
[35m[HTTP][39m [37m-->[39m [37mPOST[39m [37m/wd/hub/session/1c7b7c56-64bb-4246-9898-a8ed89b244f8/execute/sync[39m
[35m[HTTP][39m [90m{"script":"mobile:viewportRect","args":[]}[39m
[35m[AndroidDriver][39m Executing native command 'mobile:viewportRect'
[35m[HTTP][39m [37m<-- POST /wd/hub/session/1c7b7c56-64bb-4246-9898-a8ed89b244f8/execute/sync [39m[32m200[39m [90m36 ms - 56[39m
[35m[HTTP][39m [90m[39m
[35m[HTTP][39m [37m-->[39m [37mPOST[39m [37m/wd/hub/session/1c7b7c56-64bb-4246-9898-a8ed89b244f8/appium/device/activate_app[39m
[35m[HTTP][39m [90m{"bundleId":"com.androidsample.generalstore"}[39m
[35m[HTTP][39m [37m<-- POST /wd/hub/session/1c7b7c56-64bb-4246-9898-a8ed89b244f8/appium/device/activate_app [39m[32m200[39m [90m376 ms - 14[39m
[35m[HTTP][39m [90m[39m
[35m[HTTP][39m [37m-->[39m [37mGET[39m [37m/wd/hub/session/1c7b7c56-64bb-4246-9898-a8ed89b244f8/source[39m
[35m[HTTP][39m [90m{}[39m
[35m[W3C (1c7b7c56)][39m Driver proxy active, passing request on via HTTP proxy
[35m[WD Proxy][39m Replacing sessionId 59edcf9e-dc30-491e-95f5-73b01e305e72 with 1c7b7c56-64bb-4246-9898-a8ed89b244f8
[35m[HTTP][39m [37m<-- GET /wd/hub/session/1c7b7c56-64bb-4246-9898-a8ed89b244f8/source [39m[32m200[39m [90m1118 ms - 3334[39m
[35m[HTTP][39m [90m[39m
[35m[HTTP][39m [37m-->[39m [37mGET[39m [37m/wd/hub/session/1c7b7c56-64bb-4246-9898-a8ed89b244f8/screenshot[39m
[35m[HTTP][39m [90m{}[39m
[35m[HTTP][39m [37m<-- GET /wd/hub/session/1c7b7c56-64bb-4246-9898-a8ed89b244f8/screenshot [39m[32m200[39m [90m303 ms - 81840[39m
[35m[HTTP][39m [90m[39m
[35m[HTTP][39m [37m-->[39m [37mGET[39m [37m/wd/hub/session/1c7b7c56-64bb-4246-9898-a8ed89b244f8/context[39m
[35m[HTTP][39m [90m{}[39m
[35m[HTTP][39m [37m<-- GET /wd/hub/session/1c7b7c56-64bb-4246-9898-a8ed89b244f8/context [39m[32m200[39m [90m5 ms - 22[39m
[35m[HTTP][39m [90m[39m
[35m[HTTP][39m [37m-->[39m [37mGET[39m [37m/wd/hub/session/1c7b7c56-64bb-4246-9898-a8ed89b244f8/contexts[39m
[35m[HTTP][39m [90m{}[39m
[35m[HTTP][39m [37m<-- GET /wd/hub/session/1c7b7c56-64bb-4246-9898-a8ed89b244f8/contexts [39m[32m200[39m [90m209 ms - 24[39m
[35m[HTTP][39m [90m[39m
[35m[HTTP][39m [37m-->[39m [37mPOST[39m [37m/wd/hub/session/1c7b7c56-64bb-4246-9898-a8ed89b244f8/context[39m
[35m[HTTP][39m [90m{"name":"NATIVE_APP"}[39m
[35m[HTTP][39m [37m<-- POST /wd/hub/session/1c7b7c56-64bb-4246-9898-a8ed89b244f8/context [39m[32m200[39m [90m2 ms - 14[39m
[35m[HTTP][39m [90m[39m
[35m[HTTP][39m [37m-->[39m [37mPOST[39m [37m/wd/hub/session/1c7b7c56-64bb-4246-9898-a8ed89b244f8/element[39m
[35m[HTTP][39m [90m{"using":"-android uiautomator","value":"new UiScrollable(new UiSelector().scrollable(true).instance(0)).scrollIntoView(new UiSelector().textContains(\"1\"))"}[39m
[35m[HTTP][39m [37m<-- POST /wd/hub/session/1c7b7c56-64bb-4246-9898-a8ed89b244f8/element [39m[32m200[39m [90m5130 ms - 137[39m
[35m[HTTP][39m [90m[39m
[35m[HTTP][39m [37m-->[39m [37mPOST[39m [37m/wd/hub/session/1c7b7c56-64bb-4246-9898-a8ed89b244f8/context[39m
[35m[HTTP][39m [90m{"name":"NATIVE_APP"}[39m
[35m[HTTP][39m [37m<-- POST /wd/hub/session/1c7b7c56-64bb-4246-9898-a8ed89b244f8/context [39m[32m200[39m [90m4 ms - 14[39m
[35m[HTTP][39m [90m[39m
[35m[HTTP][39m [37m-->[39m [37mGET[39m [37m/wd/hub/session/1c7b7c56-64bb-4246-9898-a8ed89b244f8/source[39m
[35m[HTTP][39m [90m{}[39m
[35m[W3C (1c7b7c56)][39m Driver proxy active, passing request on via HTTP proxy
[35m[WD Proxy][39m Replacing sessionId 59edcf9e-dc30-491e-95f5-73b01e305e72 with 1c7b7c56-64bb-4246-9898-a8ed89b244f8
[35m[HTTP][39m [37m<-- GET /wd/hub/session/1c7b7c56-64bb-4246-9898-a8ed89b244f8/source [39m[32m200[39m [90m4847 ms - 14705[39m
[35m[HTTP][39m [90m[39m
[35m[HTTP][39m [37m-->[39m [37mGET[39m [37m/wd/hub/session/1c7b7c56-64bb-4246-9898-a8ed89b244f8/screenshot[39m
[35m[HTTP][39m [90m{}[39m
[35m[HTTP][39m [37m<-- GET /wd/hub/session/1c7b7c56-64bb-4246-9898-a8ed89b244f8/screenshot [39m[32m200[39m [90m555 ms - 21438[39m
[35m[HTTP][39m [90m[39m
[35m[HTTP][39m [37m-->[39m [37mGET[39m [37m/wd/hub/session/1c7b7c56-64bb-4246-9898-a8ed89b244f8/source[39m
[35m[HTTP][39m [90m{}[39m
[35m[W3C (1c7b7c56)][39m Driver proxy active, passing request on via HTTP proxy
[35m[WD Proxy][39m Replacing sessionId 59edcf9e-dc30-491e-95f5-73b01e305e72 with 1c7b7c56-64bb-4246-9898-a8ed89b244f8
[35m[HTTP][39m [37m<-- GET /wd/hub/session/1c7b7c56-64bb-4246-9898-a8ed89b244f8/source [39m[32m200[39m [90m4818 ms - 11059[39m
[35m[HTTP][39m [90m[39m
[35m[HTTP][39m [37m-->[39m [37mGET[39m [37m/wd/hub/session/1c7b7c56-64bb-4246-9898-a8ed89b244f8/screenshot[39m
[35m[HTTP][39m [90m{}[39m
[35m[HTTP][39m [37m<-- GET /wd/hub/session/1c7b7c56-64bb-4246-9898-a8ed89b244f8/screenshot [39m[32m200[39m [90m2585 ms - 695934[39m
[35m[HTTP][39m [90m[39m
[35m[HTTP][39m [37m-->[39m [37mPOST[39m [37m/wd/hub/session/1c7b7c56-64bb-4246-9898-a8ed89b244f8/elements[39m
[35m[HTTP][39m [90m{"using":"xpath","value":"//*[@class = 'android.widget.Spinner' and @resource-id = 'com.androidsample.generalstore:id/spinnerCountry' and (@text = '' or . = '')]"}[39m
[35m[HTTP][39m [37m<-- POST /wd/hub/session/1c7b7c56-64bb-4246-9898-a8ed89b244f8/elements [39m[32m200[39m [90m30955 ms - 139[39m
[35m[HTTP][39m [90m[39m
[35m[HTTP][39m [37m-->[39m [37mGET[39m [37m/wd/hub/session/1c7b7c56-64bb-4246-9898-a8ed89b244f8/window/rect[39m
[35m[HTTP][39m [90m{}[39m
[35m[HTTP][39m [37m<-- GET /wd/hub/session/1c7b7c56-64bb-4246-9898-a8ed89b244f8/window/rect [39m[32m200[39m [90m17 ms - 50[39m
[35m[HTTP][39m [90m[39m
[35m[HTTP][39m [37m-->[39m [37mPOST[39m [37m/wd/hub/session/1c7b7c56-64bb-4246-9898-a8ed89b244f8/elements[39m
[35m[HTTP][39m [90m{"using":"xpath","value":"//*[@class = 'android.widget.Spinner' and @resource-id = 'com.androidsample.generalstore:id/spinnerCountry' and (@text = '' or . = '')]"}[39m
[35m[HTTP][39m [37m<-- POST /wd/hub/session/1c7b7c56-64bb-4246-9898-a8ed89b244f8/elements [39m[32m200[39m [90m134 ms - 139[39m
[35m[HTTP][39m [90m[39m
[35m[HTTP][39m [37m-->[39m [37mGET[39m [37m/wd/hub/session/1c7b7c56-64bb-4246-9898-a8ed89b244f8/element/00000000-0000-0045-ffff-ffff0000001a/location[39m
[35m[HTTP][39m [90m{}[39m
[35m[W3C (1c7b7c56)][39m Driver proxy active, passing request on via HTTP proxy
[35m[WD Proxy][39m Replacing sessionId 59edcf9e-dc30-491e-95f5-73b01e305e72 with 1c7b7c56-64bb-4246-9898-a8ed89b244f8
[35m[HTTP][39m [37m<-- GET /wd/hub/session/1c7b7c56-64bb-4246-9898-a8ed89b244f8/element/00000000-0000-0045-ffff-ffff0000001a/location [39m[32m200[39m [90m35 ms - 78[39m
[35m[HTTP][39m [90m[39m
[35m[HTTP][39m [37m-->[39m [37mPOST[39m [37m/wd/hub/session/1c7b7c56-64bb-4246-9898-a8ed89b244f8/element/00000000-0000-0045-ffff-ffff0000001a/click[39m
[35m[HTTP][39m [90m{"id":"00000000-0000-0045-ffff-ffff0000001a"}[39m
[35m[HTTP][39m [37m<-- POST /wd/hub/session/1c7b7c56-64bb-4246-9898-a8ed89b244f8/element/00000000-0000-0045-ffff-ffff0000001a/click [39m[32m200[39m [90m76 ms - 14[39m
[35m[HTTP][39m [90m[39m
[35m[HTTP][39m [37m-->[39m [37mGET[39m [37m/wd/hub/session/1c7b7c56-64bb-4246-9898-a8ed89b244f8/source[39m
[35m[HTTP][39m [90m{}[39m
[35m[W3C (1c7b7c56)][39m Driver proxy active, passing request on via HTTP proxy
[35m[WD Proxy][39m Replacing sessionId 59edcf9e-dc30-491e-95f5-73b01e305e72 with 1c7b7c56-64bb-4246-9898-a8ed89b244f8
[35m[HTTP][39m [37m<-- GET /wd/hub/session/1c7b7c56-64bb-4246-9898-a8ed89b244f8/source [39m[32m200[39m [90m341 ms - 5330[39m
[35m[HTTP][39m [90m[39m
[35m[HTTP][39m [37m-->[39m [37mGET[39m [37m/wd/hub/session/1c7b7c56-64bb-4246-9898-a8ed89b244f8/screenshot[39m
[35m[HTTP][39m [90m{}[39m
[35m[HTTP][39m [37m<-- GET /wd/hub/session/1c7b7c56-64bb-4246-9898-a8ed89b244f8/screenshot [39m[32m200[39m [90m680 ms - 708712[39m
[35m[HTTP][39m [90m[39m
[35m[HTTP][39m [37m-->[39m [37mPOST[39m [37m/wd/hub/session/1c7b7c56-64bb-4246-9898-a8ed89b244f8/elements[39m
[35m[HTTP][39m [90m{"using":"xpath","value":"//*[@class = 'android.widget.TextView' and (@text = 'Andorra' or . = 'Andorra') and @resource-id = 'android:id/text1']"}[39m
[35m[HTTP][39m [37m<-- POST /wd/hub/session/1c7b7c56-64bb-4246-9898-a8ed89b244f8/elements [39m[32m200[39m [90m16127 ms - 139[39m
[35m[HTTP][39m [90m[39m
[35m[HTTP][39m [37m-->[39m [37mGET[39m [37m/wd/hub/session/1c7b7c56-64bb-4246-9898-a8ed89b244f8/window/rect[39m
[35m[HTTP][39m [90m{}[39m
[35m[HTTP][39m [37m<-- GET /wd/hub/session/1c7b7c56-64bb-4246-9898-a8ed89b244f8/window/rect [39m[32m200[39m [90m27 ms - 50[39m
[35m[HTTP][39m [90m[39m
[35m[HTTP][39m [37m-->[39m [37mPOST[39m [37m/wd/hub/session/1c7b7c56-64bb-4246-9898-a8ed89b244f8/elements[39m
[35m[HTTP][39m [90m{"using":"xpath","value":"//*[@class = 'android.widget.TextView' and (@text = 'Andorra' or . = 'Andorra') and @resource-id = 'android:id/text1']"}[39m
[35m[HTTP][39m [37m<-- POST /wd/hub/session/1c7b7c56-64bb-4246-9898-a8ed89b244f8/elements [39m[32m200[39m [90m12043 ms - 139[39m
[35m[HTTP][39m [90m[39m
[35m[HTTP][39m [37m-->[39m [37mGET[39m [37m/wd/hub/session/1c7b7c56-64bb-4246-9898-a8ed89b244f8/element/00000000-0000-004a-ffff-ffff0000002d/location[39m
[35m[HTTP][39m [90m{}[39m
[35m[W3C (1c7b7c56)][39m Driver proxy active, passing request on via HTTP proxy
[35m[WD Proxy][39m Replacing sessionId 59edcf9e-dc30-491e-95f5-73b01e305e72 with 1c7b7c56-64bb-4246-9898-a8ed89b244f8
[35m[HTTP][39m [37m<-- GET /wd/hub/session/1c7b7c56-64bb-4246-9898-a8ed89b244f8/element/00000000-0000-004a-ffff-ffff0000002d/location [39m[32m200[39m [90m52 ms - 79[39m
[35m[HTTP][39m [90m[39m
[35m[HTTP][39m [37m-->[39m [37mPOST[39m [37m/wd/hub/session/1c7b7c56-64bb-4246-9898-a8ed89b244f8/element/00000000-0000-004a-ffff-ffff0000002d/click[39m
[35m[HTTP][39m [90m{"id":"00000000-0000-004a-ffff-ffff0000002d"}[39m
[35m[HTTP][39m [37m<-- POST /wd/hub/session/1c7b7c56-64bb-4246-9898-a8ed89b244f8/element/00000000-0000-004a-ffff-ffff0000002d/click [39m[32m200[39m [90m3056 ms - 14[39m
[35m[HTTP][39m [90m[39m
[35m[HTTP][39m [37m-->[39m [37mGET[39m [37m/wd/hub/session/1c7b7c56-64bb-4246-9898-a8ed89b244f8/source[39m
[35m[HTTP][39m [90m{}[39m
[35m[W3C (1c7b7c56)][39m Driver proxy active, passing request on via HTTP proxy
[35m[WD Proxy][39m Replacing sessionId 59edcf9e-dc30-491e-95f5-73b01e305e72 with 1c7b7c56-64bb-4246-9898-a8ed89b244f8
[35m[HTTP][39m [37m<-- GET /wd/hub/session/1c7b7c56-64bb-4246-9898-a8ed89b244f8/source [39m[32m200[39m [90m324 ms - 11055[39m
[35m[HTTP][39m [90m[39m
[35m[HTTP][39m [37m-->[39m [37mGET[39m [37m/wd/hub/session/1c7b7c56-64bb-4246-9898-a8ed89b244f8/screenshot[39m
[35m[HTTP][39m [90m{}[39m
[35m[HTTP][39m [37m<-- GET /wd/hub/session/1c7b7c56-64bb-4246-9898-a8ed89b244f8/screenshot [39m[32m200[39m [90m2374 ms - 693212[39m
[35m[HTTP][39m [90m[39m
[35m[HTTP][39m [37m-->[39m [37mPOST[39m [37m/wd/hub/session/1c7b7c56-64bb-4246-9898-a8ed89b244f8/elements[39m
[35m[HTTP][39m [90m{"using":"xpath","value":"//*[@class = 'android.widget.EditText' and (@text = 'Enter name here' or . = 'Enter name here') and @resource-id = 'com.androidsample.generalstore:id/nameField']"}[39m
[35m[HTTP][39m [37m<-- POST /wd/hub/session/1c7b7c56-64bb-4246-9898-a8ed89b244f8/elements [39m[32m200[39m [90m915 ms - 139[39m
[35m[HTTP][39m [90m[39m
[35m[HTTP][39m [37m-->[39m [37mGET[39m [37m/wd/hub/session/1c7b7c56-64bb-4246-9898-a8ed89b244f8/window/rect[39m
[35m[HTTP][39m [90m{}[39m
[35m[HTTP][39m [37m<-- GET /wd/hub/session/1c7b7c56-64bb-4246-9898-a8ed89b244f8/window/rect [39m[32m200[39m [90m1935 ms - 50[39m
[35m[HTTP][39m [90m[39m
[35m[HTTP][39m [37m-->[39m [37mPOST[39m [37m/wd/hub/session/1c7b7c56-64bb-4246-9898-a8ed89b244f8/elements[39m
[35m[HTTP][39m [90m{"using":"xpath","value":"//*[@class = 'android.widget.EditText' and (@text = 'Enter name here' or . = 'Enter name here') and @resource-id = 'com.androidsample.generalstore:id/nameField']"}[39m
[35m[HTTP][39m [37m<-- POST /wd/hub/session/1c7b7c56-64bb-4246-9898-a8ed89b244f8/elements [39m[32m200[39m [90m2720 ms - 139[39m
[35m[HTTP][39m [90m[39m
[35m[HTTP][39m [37m-->[39m [37mGET[39m [37m/wd/hub/session/1c7b7c56-64bb-4246-9898-a8ed89b244f8/element/00000000-0000-0045-ffff-ffff0000001c/location[39m
[35m[HTTP][39m [90m{}[39m
[35m[W3C (1c7b7c56)][39m Driver proxy active, passing request on via HTTP proxy
[35m[WD Proxy][39m Replacing sessionId 59edcf9e-dc30-491e-95f5-73b01e305e72 with 1c7b7c56-64bb-4246-9898-a8ed89b244f8
[35m[HTTP][39m [37m<-- GET /wd/hub/session/1c7b7c56-64bb-4246-9898-a8ed89b244f8/element/00000000-0000-0045-ffff-ffff0000001c/location [39m[32m200[39m [90m43 ms - 79[39m
[35m[HTTP][39m [90m[39m
[35m[HTTP][39m [37m-->[39m [37mPOST[39m [37m/wd/hub/session/1c7b7c56-64bb-4246-9898-a8ed89b244f8/element/00000000-0000-0045-ffff-ffff0000001c/value[39m
[35m[HTTP][39m [90m{"id":"00000000-0000-0045-ffff-ffff0000001c","text":"\"Ahmed Mohamed Ibrahim\"","value":["\"","A","h","m","e","d"," ","M","o","h","a","m","e","d"," ","I","b","r","a","h","i","m","\""]}[39m
[35m[HTTP][39m [37m<-- POST /wd/hub/session/1c7b7c56-64bb-4246-9898-a8ed89b244f8/element/00000000-0000-0045-ffff-ffff0000001c/value [39m[32m200[39m [90m60 ms - 14[39m
[35m[HTTP][39m [90m[39m
[35m[HTTP][39m [37m-->[39m [37mGET[39m [37m/wd/hub/session/1c7b7c56-64bb-4246-9898-a8ed89b244f8/source[39m
[35m[HTTP][39m [90m{}[39m
[35m[W3C (1c7b7c56)][39m Driver proxy active, passing request on via HTTP proxy
[35m[WD Proxy][39m Replacing sessionId 59edcf9e-dc30-491e-95f5-73b01e305e72 with 1c7b7c56-64bb-4246-9898-a8ed89b244f8
[35m[HTTP][39m [37m<-- GET /wd/hub/session/1c7b7c56-64bb-4246-9898-a8ed89b244f8/source [39m[32m200[39m [90m6031 ms - 11063[39m
[35m[HTTP][39m [90m[39m
[35m[HTTP][39m [37m-->[39m [37mGET[39m [37m/wd/hub/session/1c7b7c56-64bb-4246-9898-a8ed89b244f8/screenshot[39m
[35m[HTTP][39m [90m{}[39m
[35m[HTTP][39m [37m<-- GET /wd/hub/session/1c7b7c56-64bb-4246-9898-a8ed89b244f8/screenshot [39m[32m200[39m [90m8597 ms - 698934[39m
[35m[HTTP][39m [90m[39m
[35m[HTTP][39m [37m-->[39m [37mPOST[39m [37m/wd/hub/session/1c7b7c56-64bb-4246-9898-a8ed89b244f8/elements[39m
[35m[HTTP][39m [90m{"using":"xpath","value":"//*[@class = 'android.widget.RadioButton' and (@text = 'Male' or . = 'Male') and @resource-id = 'com.androidsample.generalstore:id/radioMale']"}[39m
[35m[HTTP][39m [37m<-- POST /wd/hub/session/1c7b7c56-64bb-4246-9898-a8ed89b244f8/elements [39m[32m200[39m [90m62634 ms - 12[39m
[35m[HTTP][39m [90m[39m
[35m[HTTP][39m [37m-->[39m [37mPOST[39m [37m/wd/hub/session/1c7b7c56-64bb-4246-9898-a8ed89b244f8/elements[39m
[35m[HTTP][39m [90m{"using":"id","value":"com.androidsample.generalstore:id/radioMale"}[39m
[35m[HTTP][39m [37m<-- POST /wd/hub/session/1c7b7c56-64bb-4246-9898-a8ed89b244f8/elements [39m[32m200[39m [90m40736 ms - 139[39m
[35m[HTTP][39m [90m[39m
[35m[HTTP][39m [37m-->[39m [37mGET[39m [37m/wd/hub/session/1c7b7c56-64bb-4246-9898-a8ed89b244f8/window/rect[39m
[35m[HTTP][39m [90m{}[39m
[35m[HTTP][39m [37m<-- GET /wd/hub/session/1c7b7c56-64bb-4246-9898-a8ed89b244f8/window/rect [39m[32m200[39m [90m21 ms - 50[39m
[35m[HTTP][39m [90m[39m
[35m[HTTP][39m [37m-->[39m [37mPOST[39m [37m/wd/hub/session/1c7b7c56-64bb-4246-9898-a8ed89b244f8/elements[39m
[35m[HTTP][39m [90m{"using":"id","value":"com.androidsample.generalstore:id/radioMale"}[39m
[35m[HTTP][39m [37m<-- POST /wd/hub/session/1c7b7c56-64bb-4246-9898-a8ed89b244f8/elements [39m[32m200[39m [90m80 ms - 139[39m
[35m[HTTP][39m [90m[39m
[35m[HTTP][39m [37m-->[39m [37mGET[39m [37m/wd/hub/session/1c7b7c56-64bb-4246-9898-a8ed89b244f8/element/00000000-0000-0045-ffff-ffff0000001f/location[39m
[35m[HTTP][39m [90m{}[39m
[35m[W3C (1c7b7c56)][39m Driver proxy active, passing request on via HTTP proxy
[35m[WD Proxy][39m Replacing sessionId 59edcf9e-dc30-491e-95f5-73b01e305e72 with 1c7b7c56-64bb-4246-9898-a8ed89b244f8
[35m[HTTP][39m [37m<-- GET /wd/hub/session/1c7b7c56-64bb-4246-9898-a8ed89b244f8/element/00000000-0000-0045-ffff-ffff0000001f/location [39m[32m200[39m [90m32 ms - 79[39m
[35m[HTTP][39m [90m[39m
[35m[HTTP][39m [37m-->[39m [37mPOST[39m [37m/wd/hub/session/1c7b7c56-64bb-4246-9898-a8ed89b244f8/element/00000000-0000-0045-ffff-ffff0000001f/click[39m
[35m[HTTP][39m [90m{"id":"00000000-0000-0045-ffff-ffff0000001f"}[39m
[35m[HTTP][39m [37m<-- POST /wd/hub/session/1c7b7c56-64bb-4246-9898-a8ed89b244f8/element/00000000-0000-0045-ffff-ffff0000001f/click [39m[32m200[39m [90m52 ms - 14[39m
[35m[HTTP][39m [90m[39m
[35m[HTTP][39m [37m-->[39m [37mGET[39m [37m/wd/hub/session/1c7b7c56-64bb-4246-9898-a8ed89b244f8/source[39m
[35m[HTTP][39m [90m{}[39m
[35m[W3C (1c7b7c56)][39m Driver proxy active, passing request on via HTTP proxy
[35m[WD Proxy][39m Replacing sessionId 59edcf9e-dc30-491e-95f5-73b01e305e72 with 1c7b7c56-64bb-4246-9898-a8ed89b244f8
[35m[HTTP][39m [37m<-- GET /wd/hub/session/1c7b7c56-64bb-4246-9898-a8ed89b244f8/source [39m[32m200[39m [90m1533 ms - 11063[39m
[35m[HTTP][39m [90m[39m
[35m[HTTP][39m [37m-->[39m [37mGET[39m [37m/wd/hub/session/1c7b7c56-64bb-4246-9898-a8ed89b244f8/screenshot[39m
[35m[HTTP][39m [90m{}[39m
[35m[HTTP][39m [37m<-- GET /wd/hub/session/1c7b7c56-64bb-4246-9898-a8ed89b244f8/screenshot [39m[32m200[39m [90m2323 ms - 697436[39m
[35m[HTTP][39m [90m[39m
[35m[HTTP][39m [37m-->[39m [37mPOST[39m [37m/wd/hub/session/1c7b7c56-64bb-4246-9898-a8ed89b244f8/elements[39m
[35m[HTTP][39m [90m{"using":"xpath","value":"//*[@class = 'android.widget.Button' and (@text = concat(\"Let\" , \"'\" , \"s  Shop\") or . = concat(\"Let\" , \"'\" , \"s  Shop\")) and @resource-id = 'com.androidsample.generalstore:id/btnLetsShop']"}[39m
[35m[HTTP][39m [37m<-- POST /wd/hub/session/1c7b7c56-64bb-4246-9898-a8ed89b244f8/elements [39m[32m200[39m [90m16302 ms - 139[39m
[35m[HTTP][39m [90m[39m
[35m[HTTP][39m [37m-->[39m [37mGET[39m [37m/wd/hub/session/1c7b7c56-64bb-4246-9898-a8ed89b244f8/window/rect[39m
[35m[HTTP][39m [90m{}[39m
[35m[HTTP][39m [37m<-- GET /wd/hub/session/1c7b7c56-64bb-4246-9898-a8ed89b244f8/window/rect [39m[32m200[39m [90m28 ms - 50[39m
[35m[HTTP][39m [90m[39m
[35m[HTTP][39m [37m-->[39m [37mPOST[39m [37m/wd/hub/session/1c7b7c56-64bb-4246-9898-a8ed89b244f8/elements[39m
[35m[HTTP][39m [90m{"using":"xpath","value":"//*[@class = 'android.widget.Button' and (@text = concat(\"Let\" , \"'\" , \"s  Shop\") or . = concat(\"Let\" , \"'\" , \"s  Shop\")) and @resource-id = 'com.androidsample.generalstore:id/btnLetsShop']"}[39m
[35m[HTTP][39m [37m<-- POST /wd/hub/session/1c7b7c56-64bb-4246-9898-a8ed89b244f8/elements [39m[32m200[39m [90m14541 ms - 139[39m
[35m[HTTP][39m [90m[39m
[35m[HTTP][39m [37m-->[39m [37mGET[39m [37m/wd/hub/session/1c7b7c56-64bb-4246-9898-a8ed89b244f8/element/00000000-0000-0045-ffff-ffff00000021/location[39m
[35m[HTTP][39m [90m{}[39m
[35m[W3C (1c7b7c56)][39m Driver proxy active, passing request on via HTTP proxy
[35m[WD Proxy][39m Replacing sessionId 59edcf9e-dc30-491e-95f5-73b01e305e72 with 1c7b7c56-64bb-4246-9898-a8ed89b244f8
[35m[HTTP][39m [37m<-- GET /wd/hub/session/1c7b7c56-64bb-4246-9898-a8ed89b244f8/element/00000000-0000-0045-ffff-ffff00000021/location [39m[32m200[39m [90m1045 ms - 79[39m
[35m[HTTP][39m [90m[39m
[35m[HTTP][39m [37m-->[39m [37mPOST[39m [37m/wd/hub/session/1c7b7c56-64bb-4246-9898-a8ed89b244f8/element/00000000-0000-0045-ffff-ffff00000021/click[39m
[35m[HTTP][39m [90m{"id":"00000000-0000-0045-ffff-ffff00000021"}[39m
[35m[HTTP][39m [37m<-- POST /wd/hub/session/1c7b7c56-64bb-4246-9898-a8ed89b244f8/element/00000000-0000-0045-ffff-ffff00000021/click [39m[32m200[39m [90m135 ms - 14[39m
[35m[HTTP][39m [90m[39m
[35m[HTTP][39m [37m-->[39m [37mGET[39m [37m/wd/hub/session/1c7b7c56-64bb-4246-9898-a8ed89b244f8/source[39m
[35m[HTTP][39m [90m{}[39m
[35m[W3C (1c7b7c56)][39m Driver proxy active, passing request on via HTTP proxy
[35m[WD Proxy][39m Replacing sessionId 59edcf9e-dc30-491e-95f5-73b01e305e72 with 1c7b7c56-64bb-4246-9898-a8ed89b244f8
[35m[HTTP][39m [37m<-- GET /wd/hub/session/1c7b7c56-64bb-4246-9898-a8ed89b244f8/source [39m[32m200[39m [90m775 ms - 17416[39m
[35m[HTTP][39m [90m[39m
[35m[HTTP][39m [37m-->[39m [37mGET[39m [37m/wd/hub/session/1c7b7c56-64bb-4246-9898-a8ed89b244f8/screenshot[39m
[35m[HTTP][39m [90m{}[39m
[35m[HTTP][39m [37m<-- GET /wd/hub/session/1c7b7c56-64bb-4246-9898-a8ed89b244f8/screenshot [39m[32m200[39m [90m1089 ms - 389008[39m
[35m[HTTP][39m [90m[39m
[35m[HTTP][39m [37m-->[39m [37mPOST[39m [37m/wd/hub/session/1c7b7c56-64bb-4246-9898-a8ed89b244f8/elements[39m
[35m[HTTP][39m [90m{"using":"xpath","value":"//*[@class = 'android.widget.TextView' and (@text = 'ADD TO CART' or . = 'ADD TO CART') and @resource-id = 'com.androidsample.generalstore:id/productAddCart']"}[39m
[35m[HTTP][39m [37m<-- POST /wd/hub/session/1c7b7c56-64bb-4246-9898-a8ed89b244f8/elements [39m[32m200[39m [90m83908 ms - 12[39m
[35m[HTTP][39m [90m[39m
[35m[HTTP][39m [37m-->[39m [37mPOST[39m [37m/wd/hub/session/1c7b7c56-64bb-4246-9898-a8ed89b244f8/elements[39m
[35m[HTTP][39m [90m{"using":"id","value":"com.androidsample.generalstore:id/productAddCart"}[39m
[35m[HTTP][39m [37m<-- POST /wd/hub/session/1c7b7c56-64bb-4246-9898-a8ed89b244f8/elements [39m[32m200[39m [90m2288 ms - 267[39m
[35m[HTTP][39m [90m[39m
[35m[HTTP][39m [37m-->[39m [37mPOST[39m [37m/wd/hub/session/1c7b7c56-64bb-4246-9898-a8ed89b244f8/elements[39m
[35m[HTTP][39m [90m{"using":"-android uiautomator","value":"new UiSelector().className(\"android.widget.TextView\").text(\"ADD TO CART\").resourceId(\"com.androidsample.generalstore:id/productAddCart\")"}[39m
[35m[HTTP][39m [37m<-- POST /wd/hub/session/1c7b7c56-64bb-4246-9898-a8ed89b244f8/elements [39m[32m200[39m [90m86 ms - 267[39m
[35m[HTTP][39m [90m[39m
[35m[HTTP][39m [37m-->[39m [37mGET[39m [37m/wd/hub/session/1c7b7c56-64bb-4246-9898-a8ed89b244f8/window/rect[39m
[35m[HTTP][39m [90m{}[39m
[35m[HTTP][39m [37m<-- GET /wd/hub/session/1c7b7c56-64bb-4246-9898-a8ed89b244f8/window/rect [39m[32m200[39m [90m26 ms - 50[39m
[35m[HTTP][39m [90m[39m
[35m[HTTP][39m [37m-->[39m [37mPOST[39m [37m/wd/hub/session/1c7b7c56-64bb-4246-9898-a8ed89b244f8/elements[39m
[35m[HTTP][39m [90m{"using":"xpath","value":"//hierarchy/android.widget.FrameLayout[1]/android.widget.LinearLayout[1]/android.widget.FrameLayout[1]/android.widget.LinearLayout[1]/android.widget.FrameLayout[1]/android.view.ViewGroup[1]/android.widget.RelativeLayout[1]/android.widget.FrameLayout[1]/android.support.v7.widget.RecyclerView[1]/android.widget.RelativeLayout[2]/android.widget.LinearLayout[1]/android.widget.LinearLayout[2]/android.widget.TextView[2]"}[39m
[35m[HTTP][39m [37m<-- POST /wd/hub/session/1c7b7c56-64bb-4246-9898-a8ed89b244f8/elements [39m[32m200[39m [90m163 ms - 139[39m
[35m[HTTP][39m [90m[39m
[35m[HTTP][39m [37m-->[39m [37mGET[39m [37m/wd/hub/session/1c7b7c56-64bb-4246-9898-a8ed89b244f8/element/00000000-0000-005f-ffff-ffff00000058/location[39m
[35m[HTTP][39m [90m{}[39m
[35m[W3C (1c7b7c56)][39m Driver proxy active, passing request on via HTTP proxy
[35m[WD Proxy][39m Replacing sessionId 59edcf9e-dc30-491e-95f5-73b01e305e72 with 1c7b7c56-64bb-4246-9898-a8ed89b244f8
[35m[HTTP][39m [37m<-- GET /wd/hub/session/1c7b7c56-64bb-4246-9898-a8ed89b244f8/element/00000000-0000-005f-ffff-ffff00000058/location [39m[32m200[39m [90m24 ms - 79[39m
[35m[HTTP][39m [90m[39m
[35m[HTTP][39m [37m-->[39m [37mPOST[39m [37m/wd/hub/session/1c7b7c56-64bb-4246-9898-a8ed89b244f8/element/00000000-0000-005f-ffff-ffff00000058/click[39m
[35m[HTTP][39m [90m{"id":"00000000-0000-005f-ffff-ffff00000058"}[39m
[35m[HTTP][39m [37m<-- POST /wd/hub/session/1c7b7c56-64bb-4246-9898-a8ed89b244f8/element/00000000-0000-005f-ffff-ffff00000058/click [39m[32m200[39m [90m2306 ms - 14[39m
[35m[HTTP][39m [90m[39m
[35m[HTTP][39m [37m-->[39m [37mGET[39m [37m/wd/hub/session/1c7b7c56-64bb-4246-9898-a8ed89b244f8/source[39m
[35m[HTTP][39m [90m{}[39m
[35m[W3C (1c7b7c56)][39m Driver proxy active, passing request on via HTTP proxy
[35m[WD Proxy][39m Replacing sessionId 59edcf9e-dc30-491e-95f5-73b01e305e72 with 1c7b7c56-64bb-4246-9898-a8ed89b244f8
[35m[HTTP][39m [37m<-- GET /wd/hub/session/1c7b7c56-64bb-4246-9898-a8ed89b244f8/source [39m[32m200[39m [90m436 ms - 17729[39m
[35m[HTTP][39m [90m[39m
[35m[HTTP][39m [37m-->[39m [37mGET[39m [37m/wd/hub/session/1c7b7c56-64bb-4246-9898-a8ed89b244f8/screenshot[39m
[35m[HTTP][39m [90m{}[39m
[35m[HTTP][39m [37m<-- GET /wd/hub/session/1c7b7c56-64bb-4246-9898-a8ed89b244f8/screenshot [39m[32m200[39m [90m2009 ms - 392600[39m
[35m[HTTP][39m [90m[39m
[35m[HTTP][39m [37m-->[39m [37mPOST[39m [37m/wd/hub/session/1c7b7c56-64bb-4246-9898-a8ed89b244f8/elements[39m
[35m[HTTP][39m [90m{"using":"xpath","value":"//*[@class = 'android.widget.ImageButton' and @resource-id = 'com.androidsample.generalstore:id/appbar_btn_cart' and (@text = '' or . = '')]"}[39m
[35m[HTTP][39m [37m<-- POST /wd/hub/session/1c7b7c56-64bb-4246-9898-a8ed89b244f8/elements [39m[32m200[39m [90m4144 ms - 139[39m
[35m[HTTP][39m [90m[39m
[35m[HTTP][39m [37m-->[39m [37mGET[39m [37m/wd/hub/session/1c7b7c56-64bb-4246-9898-a8ed89b244f8/window/rect[39m
[35m[HTTP][39m [90m{}[39m
[35m[HTTP][39m [37m<-- GET /wd/hub/session/1c7b7c56-64bb-4246-9898-a8ed89b244f8/window/rect [39m[32m200[39m [90m21 ms - 50[39m
[35m[HTTP][39m [90m[39m
[35m[HTTP][39m [37m-->[39m [37mPOST[39m [37m/wd/hub/session/1c7b7c56-64bb-4246-9898-a8ed89b244f8/elements[39m
[35m[HTTP][39m [90m{"using":"xpath","value":"//*[@class = 'android.widget.ImageButton' and @resource-id = 'com.androidsample.generalstore:id/appbar_btn_cart' and (@text = '' or . = '')]"}[39m
[35m[HTTP][39m [37m<-- POST /wd/hub/session/1c7b7c56-64bb-4246-9898-a8ed89b244f8/elements [39m[32m200[39m [90m546 ms - 139[39m
[35m[HTTP][39m [90m[39m
[35m[HTTP][39m [37m-->[39m [37mGET[39m [37m/wd/hub/session/1c7b7c56-64bb-4246-9898-a8ed89b244f8/element/00000000-0000-005f-ffff-ffff00000043/location[39m
[35m[HTTP][39m [90m{}[39m
[35m[W3C (1c7b7c56)][39m Driver proxy active, passing request on via HTTP proxy
[35m[WD Proxy][39m Replacing sessionId 59edcf9e-dc30-491e-95f5-73b01e305e72 with 1c7b7c56-64bb-4246-9898-a8ed89b244f8
[35m[HTTP][39m [37m<-- GET /wd/hub/session/1c7b7c56-64bb-4246-9898-a8ed89b244f8/element/00000000-0000-005f-ffff-ffff00000043/location [39m[32m200[39m [90m38 ms - 78[39m
[35m[HTTP][39m [90m[39m
[35m[HTTP][39m [37m-->[39m [37mPOST[39m [37m/wd/hub/session/1c7b7c56-64bb-4246-9898-a8ed89b244f8/element/00000000-0000-005f-ffff-ffff00000043/click[39m
[35m[HTTP][39m [90m{"id":"00000000-0000-005f-ffff-ffff00000043"}[39m
[35m[HTTP][39m [37m<-- POST /wd/hub/session/1c7b7c56-64bb-4246-9898-a8ed89b244f8/element/00000000-0000-005f-ffff-ffff00000043/click [39m[32m200[39m [90m87 ms - 14[39m
[35m[HTTP][39m [90m[39m
[35m[HTTP][39m [37m-->[39m [37mGET[39m [37m/wd/hub/session/1c7b7c56-64bb-4246-9898-a8ed89b244f8/source[39m
[35m[HTTP][39m [90m{}[39m
[35m[W3C (1c7b7c56)][39m Driver proxy active, passing request on via HTTP proxy
[35m[WD Proxy][39m Replacing sessionId 59edcf9e-dc30-491e-95f5-73b01e305e72 with 1c7b7c56-64bb-4246-9898-a8ed89b244f8
[35m[HTTP][39m [37m<-- GET /wd/hub/session/1c7b7c56-64bb-4246-9898-a8ed89b244f8/source [39m[32m200[39m [90m736 ms - 14721[39m
[35m[HTTP][39m [90m[39m
[35m[HTTP][39m [37m-->[39m [37mGET[39m [37m/wd/hub/session/1c7b7c56-64bb-4246-9898-a8ed89b244f8/screenshot[39m
[35m[HTTP][39m [90m{}[39m
[35m[HTTP][39m [37m<-- GET /wd/hub/session/1c7b7c56-64bb-4246-9898-a8ed89b244f8/screenshot [39m[32m200[39m [90m523 ms - 222478[39m
[35m[HTTP][39m [90m[39m
[35m[HTTP][39m [37m-->[39m [37mPOST[39m [37m/wd/hub/session/1c7b7c56-64bb-4246-9898-a8ed89b244f8/elements[39m
[35m[HTTP][39m [90m{"using":"xpath","value":"//*[@class = 'android.widget.LinearLayout' and (@text = '' or . = '')]"}[39m
[35m[HTTP][39m [37m<-- POST /wd/hub/session/1c7b7c56-64bb-4246-9898-a8ed89b244f8/elements [39m[32m200[39m [90m3247 ms - 1547[39m
[35m[HTTP][39m [90m[39m
[35m[HTTP][39m [37m-->[39m [37mPOST[39m [37m/wd/hub/session/1c7b7c56-64bb-4246-9898-a8ed89b244f8/elements[39m
[35m[HTTP][39m [90m{"using":"-android uiautomator","value":"new UiSelector().className(\"android.widget.LinearLayout\")"}[39m
[35m[HTTP][39m [37m<-- POST /wd/hub/session/1c7b7c56-64bb-4246-9898-a8ed89b244f8/elements [39m[32m200[39m [90m576 ms - 1547[39m
[35m[HTTP][39m [90m[39m
[35m[HTTP][39m [37m-->[39m [37mGET[39m [37m/wd/hub/session/1c7b7c56-64bb-4246-9898-a8ed89b244f8/window/rect[39m
[35m[HTTP][39m [90m{}[39m
[35m[HTTP][39m [37m<-- GET /wd/hub/session/1c7b7c56-64bb-4246-9898-a8ed89b244f8/window/rect [39m[32m200[39m [90m19 ms - 50[39m
[35m[HTTP][39m [90m[39m
[35m[HTTP][39m [37m-->[39m [37mPOST[39m [37m/wd/hub/session/1c7b7c56-64bb-4246-9898-a8ed89b244f8/elements[39m
[35m[HTTP][39m [90m{"using":"xpath","value":"//hierarchy/android.widget.FrameLayout[1]/android.widget.LinearLayout[1]/android.widget.FrameLayout[1]/android.widget.LinearLayout[1]/android.widget.FrameLayout[1]/android.view.ViewGroup[1]/android.widget.RelativeLayout[1]/android.widget.RelativeLayout[1]/android.support.v7.widget.RecyclerView[1]/android.widget.RelativeLayout[1]/android.widget.LinearLayout[1]"}[39m
[35m[HTTP][39m [37m<-- POST /wd/hub/session/1c7b7c56-64bb-4246-9898-a8ed89b244f8/elements [39m[32m200[39m [90m1692 ms - 139[39m
[35m[HTTP][39m [90m[39m
[35m[HTTP][39m [37m-->[39m [37mGET[39m [37m/wd/hub/session/1c7b7c56-64bb-4246-9898-a8ed89b244f8/element/00000000-0000-0064-ffff-ffff00000080/location[39m
[35m[HTTP][39m [90m{}[39m
[35m[W3C (1c7b7c56)][39m Driver proxy active, passing request on via HTTP proxy
[35m[WD Proxy][39m Replacing sessionId 59edcf9e-dc30-491e-95f5-73b01e305e72 with 1c7b7c56-64bb-4246-9898-a8ed89b244f8
[35m[HTTP][39m [37m<-- GET /wd/hub/session/1c7b7c56-64bb-4246-9898-a8ed89b244f8/element/00000000-0000-0064-ffff-ffff00000080/location [39m[32m200[39m [90m27 ms - 77[39m
[35m[HTTP][39m [90m[39m
[35m[HTTP][39m [37m-->[39m [37mPOST[39m [37m/wd/hub/session/1c7b7c56-64bb-4246-9898-a8ed89b244f8/element/00000000-0000-0064-ffff-ffff00000080/click[39m
[35m[HTTP][39m [90m{"id":"00000000-0000-0064-ffff-ffff00000080"}[39m
[35m[HTTP][39m [37m<-- POST /wd/hub/session/1c7b7c56-64bb-4246-9898-a8ed89b244f8/element/00000000-0000-0064-ffff-ffff00000080/click [39m[32m200[39m [90m54 ms - 14[39m
[35m[HTTP][39m [90m[39m
[35m[HTTP][39m [37m-->[39m [37mGET[39m [37m/wd/hub/session/1c7b7c56-64bb-4246-9898-a8ed89b244f8/source[39m
[35m[HTTP][39m [90m{}[39m
[35m[W3C (1c7b7c56)][39m Driver proxy active, passing request on via HTTP proxy
[35m[WD Proxy][39m Replacing sessionId 59edcf9e-dc30-491e-95f5-73b01e305e72 with 1c7b7c56-64bb-4246-9898-a8ed89b244f8
[35m[HTTP][39m [37m<-- GET /wd/hub/session/1c7b7c56-64bb-4246-9898-a8ed89b244f8/source [39m[32m200[39m [90m5409 ms - 14494[39m
[35m[HTTP][39m [90m[39m
[35m[HTTP][39m [37m-->[39m [37mGET[39m [37m/wd/hub/session/1c7b7c56-64bb-4246-9898-a8ed89b244f8/screenshot[39m
[35m[HTTP][39m [90m{}[39m
[35m[HTTP][39m [37m<-- GET /wd/hub/session/1c7b7c56-64bb-4246-9898-a8ed89b244f8/screenshot [39m[32m200[39m [90m450 ms - 222452[39m
[35m[HTTP][39m [90m[39m
[35m[HTTP][39m [37m-->[39m [37mDELETE[39m [37m/wd/hub/session/1c7b7c56-64bb-4246-9898-a8ed89b244f8[39m
[35m[HTTP][39m [90m{}[39m
[35m[Appium][39m Removing session 1c7b7c56-64bb-4246-9898-a8ed89b244f8 from our master session list
[35m[UiAutomator2][39m Restoring hidden api policy to the device default configuration
[35m[HTTP][39m [37m<-- DELETE /wd/hub/session/1c7b7c56-64bb-4246-9898-a8ed89b244f8 [39m[32m200[39m [90m651 ms - 14[39m
[35m[HTTP][39m [90m[39m
